<?xml version="1.0" encoding="UTF-8"?>
<!-- Generated by org.testng.reporters.JUnitReportReporter -->
<testsuite skipped="0" hostname="DESKTOP-OA26UOH" name="OnlineShopingDemo.LinearCartTests" tests="1" failures="0" timestamp="28 Jun 2021 05:55:43 GMT" time="20.397" errors="0">
  <testcase name="LinearAddToCartTest" time="20.397" classname="OnlineShopingDemo.LinearCartTests"/>
</testsuite> <!-- OnlineShopingDemo.LinearCartTests -->
